warning: unused variable: `arg`
    --> crates/cas_engine/src/rules/algebra.rs:1341:42
     |
1341 | ...                   if let Some(arg) = trig_part {
     |                                   ^^^ help: if this is intentional, prefix it with an underscore: `_arg`
     |
     = note: `#[warn(unused_variables)]` (part of `#[warn(unused)]`) on by default

warning: function `get_coeff_base` is never used
    --> crates/cas_engine/src/rules/algebra.rs:1131:12
     |
1131 |         fn get_coeff_base(ctx: &mut Context, e: ExprId) -> (ExprId, Option<ExprId>) {
     |            ^^^^^^^^^^^^^^
     |
     = note: `#[warn(dead_code)]` (part of `#[warn(unused)]`) on by default

warning: `cas_engine` (lib) generated 2 warnings
warning: unused imports: `Context`, `ExprId`, and `Expr`
  --> crates/cas_cli/tests/robust_inequality_tests.rs:11:56
   |
11 | use cas_ast::{Equation, RelOp, SolutionSet, BoundType, Expr, Context, ExprId, DisplayExpr};
   |                                                        ^^^^  ^^^^^^^  ^^^^^^
   |
   = note: `#[warn(unused_imports)]` (part of `#[warn(unused)]`) on by default

warning: unused import: `num_traits::Zero`
  --> crates/cas_cli/tests/robust_inequality_tests.rs:13:5
   |
13 | use num_traits::Zero;
   |     ^^^^^^^^^^^^^^^^

warning: unused imports: `BoundType`, `Context`, `Equation`, `RelOp`, and `SolutionSet`
  --> crates/cas_cli/tests/equivalence_tests.rs:10:15
   |
10 | use cas_ast::{Equation, RelOp, SolutionSet, BoundType, Expr, Context, ExprId, DisplayExpr};
   |               ^^^^^^^^  ^^^^^  ^^^^^^^^^^^  ^^^^^^^^^        ^^^^^^^
   |
   = note: `#[warn(unused_imports)]` (part of `#[warn(unused)]`) on by default

warning: unused import: `cas_engine::solver::solve`
  --> crates/cas_cli/tests/equivalence_tests.rs:11:5
   |
11 | use cas_engine::solver::solve;
   |     ^^^^^^^^^^^^^^^^^^^^^^^^^

warning: function `assert_equivalent` is never used
  --> crates/cas_cli/tests/equivalence_tests.rs:94:4
   |
94 | fn assert_equivalent(s: &mut Simplifier, expr1: ExprId, expr2: ExprId) {
   |    ^^^^^^^^^^^^^^^^^
   |
   = note: `#[warn(dead_code)]` (part of `#[warn(unused)]`) on by default

warning: unused imports: `BoundType` and `Context`
  --> crates/cas_cli/tests/stress_tests.rs:11:45
   |
11 | use cas_ast::{Equation, RelOp, SolutionSet, BoundType, Expr, Context, ExprId, DisplayExpr};
   |                                             ^^^^^^^^^        ^^^^^^^
   |
   = note: `#[warn(unused_imports)]` (part of `#[warn(unused)]`) on by default

warning: unused import: `Expr`
 --> crates/cas_cli/tests/advanced_simplification.rs:5:32
  |
5 |     use cas_ast::{DisplayExpr, Expr};
  |                                ^^^^
  |
  = note: `#[warn(unused_imports)]` (part of `#[warn(unused)]`) on by default

warning: unused imports: `BoundType`, `Context`, `Equation`, `ExprId`, `Expr`, `RelOp`, and `SolutionSet`
  --> crates/cas_cli/tests/repro_tangent_reduced.rs:14:15
   |
14 | use cas_ast::{Equation, RelOp, SolutionSet, BoundType, Expr, Context, ExprId, DisplayExpr};
   |               ^^^^^^^^  ^^^^^  ^^^^^^^^^^^  ^^^^^^^^^  ^^^^  ^^^^^^^  ^^^^^^
   |
   = note: `#[warn(unused_imports)]` (part of `#[warn(unused)]`) on by default

warning: unused imports: `Context`, `ExprId`, and `Expr`
  --> crates/cas_cli/tests/inequality_tests.rs:11:56
   |
11 | use cas_ast::{Equation, RelOp, SolutionSet, BoundType, Expr, Context, ExprId, DisplayExpr};
   |                                                        ^^^^  ^^^^^^^  ^^^^^^
   |
   = note: `#[warn(unused_imports)]` (part of `#[warn(unused)]`) on by default

warning: unused import: `num_traits::Zero`
  --> crates/cas_cli/tests/inequality_tests.rs:13:5
   |
13 | use num_traits::Zero;
   |     ^^^^^^^^^^^^^^^^

warning: unused import: `AngleIdentityRule`
 --> crates/cas_cli/tests/torture_tests.rs:7:82
  |
7 | use cas_engine::rules::trigonometry::{EvaluateTrigRule, PythagoreanIdentityRule, AngleIdentityRule, TanToSinCosRule, RecursiveTrigExpansi...
  |                                                                                  ^^^^^^^^^^^^^^^^^
  |
  = note: `#[warn(unused_imports)]` (part of `#[warn(unused)]`) on by default

warning: unused import: `Context`
  --> crates/cas_cli/tests/torture_tests.rs:15:62
   |
15 | use cas_ast::{Equation, RelOp, SolutionSet, BoundType, Expr, Context, ExprId, DisplayExpr};
   |                                                              ^^^^^^^

warning: unused import: `AnnihilationRule`
 --> crates/cas_cli/tests/repro_tangent_sum.rs:3:59
  |
3 | use cas_engine::rules::polynomial::{CombineLikeTermsRule, AnnihilationRule, DistributeRule, BinomialExpansionRule};
  |                                                           ^^^^^^^^^^^^^^^^
  |
  = note: `#[warn(unused_imports)]` (part of `#[warn(unused)]`) on by default

warning: unused imports: `BoundType` and `Context`
  --> crates/cas_cli/tests/complex_integration_tests.rs:11:45
   |
11 | use cas_ast::{Equation, RelOp, SolutionSet, BoundType, Expr, Context, ExprId, DisplayExpr};
   |                                             ^^^^^^^^^        ^^^^^^^
   |
   = note: `#[warn(unused_imports)]` (part of `#[warn(unused)]`) on by default

warning: unused variable: `res2`
   --> crates/cas_cli/tests/complex_integration_tests.rs:175:10
    |
175 |     let (res2, _) = simplifier.simplify(input2);
    |          ^^^^ help: if this is intentional, prefix it with an underscore: `_res2`
    |
    = note: `#[warn(unused_variables)]` (part of `#[warn(unused)]`) on by default

warning: unused imports: `BoundType`, `Context`, `Equation`, `RelOp`, and `SolutionSet`
 --> crates/cas_cli/tests/integration_tests.rs:4:15
  |
4 | use cas_ast::{Equation, RelOp, SolutionSet, BoundType, Expr, Context, ExprId, DisplayExpr};
  |               ^^^^^^^^  ^^^^^  ^^^^^^^^^^^  ^^^^^^^^^        ^^^^^^^
  |
  = note: `#[warn(unused_imports)]` (part of `#[warn(unused)]`) on by default

warning: `cas_cli` (test "robust_inequality_tests") generated 2 warnings (run `cargo fix --test "robust_inequality_tests"` to apply 2 suggestions)
warning: `cas_cli` (test "equivalence_tests") generated 3 warnings (run `cargo fix --test "equivalence_tests"` to apply 2 suggestions)
warning: `cas_cli` (test "stress_tests") generated 1 warning (run `cargo fix --test "stress_tests"` to apply 1 suggestion)
warning: `cas_cli` (test "advanced_simplification") generated 1 warning (run `cargo fix --test "advanced_simplification"` to apply 1 suggestion)
warning: `cas_cli` (test "repro_tangent_reduced") generated 1 warning (run `cargo fix --test "repro_tangent_reduced"` to apply 1 suggestion)
warning: `cas_cli` (test "inequality_tests") generated 2 warnings (run `cargo fix --test "inequality_tests"` to apply 2 suggestions)
warning: `cas_cli` (test "torture_tests") generated 2 warnings (run `cargo fix --test "torture_tests"` to apply 2 suggestions)
warning: `cas_cli` (test "repro_tangent_sum") generated 1 warning (run `cargo fix --test "repro_tangent_sum"` to apply 1 suggestion)
warning: `cas_cli` (test "complex_integration_tests") generated 2 warnings (run `cargo fix --test "complex_integration_tests"` to apply 1 suggestion)
warning: `cas_cli` (test "integration_tests") generated 1 warning (run `cargo fix --test "integration_tests"` to apply 1 suggestion)
warning: unused import: `Context`
 --> crates/cas_engine/tests/auto_factor_test.rs:3:28
  |
3 | use cas_ast::{DisplayExpr, Context};
  |                            ^^^^^^^
  |
  = note: `#[warn(unused_imports)]` (part of `#[warn(unused)]`) on by default

warning: unused variable: `s`
  --> crates/cas_engine/tests/property_tests.rs:11:13
   |
11 |         let s = cas_format::Format::to_latex(&expr, &ctx); // Use to_latex for string representation for now, or Display
   |             ^ help: if this is intentional, prefix it with an underscore: `_s`
   |
   = note: `#[warn(unused_variables)]` (part of `#[warn(unused)]`) on by default

warning: variable does not need to be mutable
  --> crates/cas_engine/tests/property_tests.rs:26:14
   |
26 |         let (mut ctx, expr) = strategies::to_context(re);
   |              ----^^^
   |              |
   |              help: remove this `mut`
   |
   = note: `#[warn(unused_mut)]` (part of `#[warn(unused)]`) on by default

warning: variable does not need to be mutable
  --> crates/cas_engine/tests/property_tests.rs:50:14
   |
50 |         let (mut ctx, expr) = strategies::to_context(re);
   |              ----^^^
   |              |
   |              help: remove this `mut`

warning: variable does not need to be mutable
  --> crates/cas_engine/tests/property_tests.rs:68:14
   |
68 |         let (mut ctx, expr) = strategies::to_context(re);
   |              ----^^^
   |              |
   |              help: remove this `mut`

warning: variable does not need to be mutable
  --> crates/cas_engine/tests/property_tests.rs:82:14
   |
82 |         let (mut ctx, expr) = strategies::to_context(re);
   |              ----^^^
   |              |
   |              help: remove this `mut`

warning: variable does not need to be mutable
   --> crates/cas_engine/tests/property_tests.rs:114:14
    |
114 |         let (mut ctx, expr) = strategies::to_context(re);
    |              ----^^^
    |              |
    |              help: remove this `mut`

warning: variable does not need to be mutable
   --> crates/cas_engine/tests/property_tests.rs:148:14
    |
148 |         let (mut ctx, expr) = strategies::to_context(re);
    |              ----^^^
    |              |
    |              help: remove this `mut`

warning: `cas_engine` (test "auto_factor_test") generated 1 warning (run `cargo fix --test "auto_factor_test"` to apply 1 suggestion)
warning: `cas_engine` (test "property_tests") generated 7 warnings (run `cargo fix --test "property_tests"` to apply 6 suggestions)
warning: `cas_engine` (lib test) generated 2 warnings (2 duplicates)
    Finished `test` profile [unoptimized + debuginfo] target(s) in 0.04s
     Running unittests src/lib.rs (target/debug/deps/cas_ast-28a885497a7183cd)

running 0 tests

test result: ok. 0 passed; 0 failed; 0 ignored; 0 measured; 0 filtered out; finished in 0.00s

     Running unittests src/main.rs (target/debug/deps/cas_cli-e4e8c58c07087549)

running 0 tests

test result: ok. 0 passed; 0 failed; 0 ignored; 0 measured; 0 filtered out; finished in 0.00s

     Running tests/advanced_simplification.rs (target/debug/deps/advanced_simplification-e6114c6b3c22b71b)

running 0 tests

test result: ok. 0 passed; 0 failed; 0 ignored; 0 measured; 3 filtered out; finished in 0.00s

     Running tests/complex_integration_tests.rs (target/debug/deps/complex_integration_tests-ce02cd964d407e60)

running 0 tests

test result: ok. 0 passed; 0 failed; 0 ignored; 0 measured; 3 filtered out; finished in 0.00s

     Running tests/equivalence_tests.rs (target/debug/deps/equivalence_tests-3943fc9643b78180)

running 0 tests

test result: ok. 0 passed; 0 failed; 0 ignored; 0 measured; 13 filtered out; finished in 0.00s

     Running tests/inequality_tests.rs (target/debug/deps/inequality_tests-a2a7d57cefa6a448)

running 0 tests

test result: ok. 0 passed; 0 failed; 0 ignored; 0 measured; 3 filtered out; finished in 0.00s

     Running tests/integration_tests.rs (target/debug/deps/integration_tests-ba3d0ef9802488da)

running 0 tests

test result: ok. 0 passed; 0 failed; 0 ignored; 0 measured; 10 filtered out; finished in 0.00s

     Running tests/number_theory_tests.rs (target/debug/deps/number_theory_tests-bb01333681828121)

running 0 tests

test result: ok. 0 passed; 0 failed; 0 ignored; 0 measured; 8 filtered out; finished in 0.00s

     Running tests/repro_tangent_reduced.rs (target/debug/deps/repro_tangent_reduced-3a884b62ce2f123b)

running 0 tests

test result: ok. 0 passed; 0 failed; 0 ignored; 0 measured; 1 filtered out; finished in 0.00s

     Running tests/repro_tangent_sum.rs (target/debug/deps/repro_tangent_sum-e9515b5888c62396)

running 0 tests

test result: ok. 0 passed; 0 failed; 0 ignored; 0 measured; 1 filtered out; finished in 0.00s

     Running tests/robust_inequality_tests.rs (target/debug/deps/robust_inequality_tests-a9517e34499f0a0c)

running 0 tests

test result: ok. 0 passed; 0 failed; 0 ignored; 0 measured; 7 filtered out; finished in 0.00s

     Running tests/stress_tests.rs (target/debug/deps/stress_tests-82e98166be6b0d0c)

running 0 tests

test result: ok. 0 passed; 0 failed; 0 ignored; 0 measured; 5 filtered out; finished in 0.00s

     Running tests/torture_tests.rs (target/debug/deps/torture_tests-f39921c432693e1a)

running 1 test
DEBUG: Visiting Mul with factors: [ExprId(15), ExprId(7)]
DEBUG: Factor ExprId(15) is Number(Ratio { numer: 1, denom: 2 })
DEBUG: Factor ExprId(7) is Variable("x")
CancelCommonFactorsRule: NumFactors=[ExprId(19)] DenFactors=[ExprId(20)]
Processing num factor i=0: ExprId(19)
DEBUG: Checking trig identity for nf=ExprId(19) df=ExprId(20) df_expr=Function("cos", [ExprId(16)])
DEBUG: Inside check_trig_identity f1=ExprId(19) f2=ExprId(20)
DEBUG: analyze_binomial called for ExprId(20)
DEBUG: terms.len() = 1
DEBUG: Inside check_trig_identity f1=ExprId(20) f2=ExprId(19)
DEBUG: analyze_binomial called for ExprId(19)
DEBUG: terms.len() = 1
CancelCommonFactorsRule: NumFactors=[ExprId(1)] DenFactors=[ExprId(5)]
Processing num factor i=0: ExprId(1)
DEBUG: Checking trig identity for nf=ExprId(1) df=ExprId(5) df_expr=Add(ExprId(2), ExprId(4))
DEBUG: Inside check_trig_identity f1=ExprId(1) f2=ExprId(5)
DEBUG: analyze_binomial called for ExprId(5)
DEBUG: terms.len() = 2
DEBUG: Calling check_pair 1 with t1=ExprId(2) t2=ExprId(4)
DEBUG: check_pair factors: [Function("cos", [ExprId(3)])]
DEBUG: No trig part found in Function("cos", [ExprId(3)])
DEBUG: Calling check_pair 2 with t2=ExprId(4) t1=ExprId(2)
DEBUG: check_pair factors: [Number(Ratio { numer: 1, denom: 1 })]
DEBUG: No trig part found in Number(Ratio { numer: 1, denom: 1 })
DEBUG: Inside check_trig_identity f1=ExprId(5) f2=ExprId(1)
DEBUG: analyze_binomial called for ExprId(1)
DEBUG: terms.len() = 1
DEBUG: Visiting Mul with factors: [ExprId(31), ExprId(30)]
DEBUG: Factor ExprId(31) is Function("cos", [ExprId(16)])
DEBUG: Factor ExprId(30) is Function("sin", [ExprId(16)])
DEBUG: Visiting Mul with factors: [ExprId(29), ExprId(31), ExprId(30)]
DEBUG: Factor ExprId(29) is Number(Ratio { numer: 2, denom: 1 })
DEBUG: Factor ExprId(31) is Function("cos", [ExprId(16)])
DEBUG: Factor ExprId(30) is Function("sin", [ExprId(16)])
DEBUG: Visiting Mul with factors: [ExprId(34), ExprId(50)]
DEBUG: Factor ExprId(34) is Number(Ratio { numer: 2, denom: 1 })
DEBUG: Factor ExprId(50) is Pow(ExprId(48), ExprId(49))
DEBUG: Visiting Mul with factors: [ExprId(78), ExprId(50)]
DEBUG: Factor ExprId(78) is Number(Ratio { numer: -2, denom: 1 })
DEBUG: Factor ExprId(50) is Pow(ExprId(48), ExprId(49))
CancelCommonFactorsRule: NumFactors=[ExprId(29), ExprId(31), ExprId(30)] DenFactors=[ExprId(139)]
Processing num factor i=0: ExprId(29)
DEBUG: Checking trig identity for nf=ExprId(29) df=ExprId(139) df_expr=Add(ExprId(138), ExprId(79))
DEBUG: Inside check_trig_identity f1=ExprId(29) f2=ExprId(139)
DEBUG: analyze_binomial called for ExprId(139)
DEBUG: terms.len() = 2
DEBUG: Calling check_pair 1 with t1=ExprId(138) t2=ExprId(79)
DEBUG: check_pair factors: [Number(Ratio { numer: -2, denom: 1 }), Pow(ExprId(48), ExprId(49))]
DEBUG: Checking factor ExprId(50) Pow base=Function("sin", [ExprId(16)]) exp=Number(Ratio { numer: 2, denom: 1 })
DEBUG: Base is function name=sin args.len=1
DEBUG: FOUND SIN^2
DEBUG: Checking pair: const=Number(Ratio { numer: 2, denom: 1 }) rem=Number(Ratio { numer: -2, denom: 1 }) neg_rem=Neg(ExprId(78))
DEBUG: Calling check_pair 2 with t2=ExprId(79) t1=ExprId(138)
DEBUG: check_pair factors: [Number(Ratio { numer: 2, denom: 1 })]
DEBUG: No trig part found in Number(Ratio { numer: 2, denom: 1 })
DEBUG: Inside check_trig_identity f1=ExprId(139) f2=ExprId(29)
DEBUG: analyze_binomial called for ExprId(29)
DEBUG: terms.len() = 1
Processing num factor i=1: ExprId(31)
DEBUG: Checking trig identity for nf=ExprId(31) df=ExprId(139) df_expr=Add(ExprId(138), ExprId(79))
DEBUG: Inside check_trig_identity f1=ExprId(31) f2=ExprId(139)
DEBUG: analyze_binomial called for ExprId(139)
DEBUG: terms.len() = 2
DEBUG: Calling check_pair 1 with t1=ExprId(138) t2=ExprId(79)
DEBUG: check_pair factors: [Number(Ratio { numer: -2, denom: 1 }), Pow(ExprId(48), ExprId(49))]
DEBUG: Checking factor ExprId(50) Pow base=Function("sin", [ExprId(16)]) exp=Number(Ratio { numer: 2, denom: 1 })
DEBUG: Base is function name=sin args.len=1
DEBUG: FOUND SIN^2
DEBUG: Checking pair: const=Number(Ratio { numer: 2, denom: 1 }) rem=Number(Ratio { numer: -2, denom: 1 }) neg_rem=Neg(ExprId(78))
DEBUG: Calling check_pair 2 with t2=ExprId(79) t1=ExprId(138)
DEBUG: check_pair factors: [Number(Ratio { numer: 2, denom: 1 })]
DEBUG: No trig part found in Number(Ratio { numer: 2, denom: 1 })
DEBUG: Inside check_trig_identity f1=ExprId(139) f2=ExprId(31)
DEBUG: analyze_binomial called for ExprId(31)
DEBUG: terms.len() = 1
Processing num factor i=2: ExprId(30)
DEBUG: Checking trig identity for nf=ExprId(30) df=ExprId(139) df_expr=Add(ExprId(138), ExprId(79))
DEBUG: Inside check_trig_identity f1=ExprId(30) f2=ExprId(139)
DEBUG: analyze_binomial called for ExprId(139)
DEBUG: terms.len() = 2
DEBUG: Calling check_pair 1 with t1=ExprId(138) t2=ExprId(79)
DEBUG: check_pair factors: [Number(Ratio { numer: -2, denom: 1 }), Pow(ExprId(48), ExprId(49))]
DEBUG: Checking factor ExprId(50) Pow base=Function("sin", [ExprId(16)]) exp=Number(Ratio { numer: 2, denom: 1 })
DEBUG: Base is function name=sin args.len=1
DEBUG: FOUND SIN^2
DEBUG: Checking pair: const=Number(Ratio { numer: 2, denom: 1 }) rem=Number(Ratio { numer: -2, denom: 1 }) neg_rem=Neg(ExprId(78))
DEBUG: Calling check_pair 2 with t2=ExprId(79) t1=ExprId(138)
DEBUG: check_pair factors: [Number(Ratio { numer: 2, denom: 1 })]
DEBUG: No trig part found in Number(Ratio { numer: 2, denom: 1 })
DEBUG: Inside check_trig_identity f1=ExprId(139) f2=ExprId(30)
DEBUG: analyze_binomial called for ExprId(30)
DEBUG: terms.len() = 1
CancelCommonFactorsRule: NumFactors=[ExprId(31), ExprId(30)] DenFactors=[ExprId(139)]
Processing num factor i=0: ExprId(31)
DEBUG: Checking trig identity for nf=ExprId(31) df=ExprId(139) df_expr=Add(ExprId(138), ExprId(79))
DEBUG: Inside check_trig_identity f1=ExprId(31) f2=ExprId(139)
DEBUG: analyze_binomial called for ExprId(139)
DEBUG: terms.len() = 2
DEBUG: Calling check_pair 1 with t1=ExprId(138) t2=ExprId(79)
DEBUG: check_pair factors: [Number(Ratio { numer: -2, denom: 1 }), Pow(ExprId(48), ExprId(49))]
DEBUG: Checking factor ExprId(50) Pow base=Function("sin", [ExprId(16)]) exp=Number(Ratio { numer: 2, denom: 1 })
DEBUG: Base is function name=sin args.len=1
DEBUG: FOUND SIN^2
DEBUG: Checking pair: const=Number(Ratio { numer: 2, denom: 1 }) rem=Number(Ratio { numer: -2, denom: 1 }) neg_rem=Neg(ExprId(78))
DEBUG: Calling check_pair 2 with t2=ExprId(79) t1=ExprId(138)
DEBUG: check_pair factors: [Number(Ratio { numer: 2, denom: 1 })]
DEBUG: No trig part found in Number(Ratio { numer: 2, denom: 1 })
DEBUG: Inside check_trig_identity f1=ExprId(139) f2=ExprId(31)
DEBUG: analyze_binomial called for ExprId(31)
DEBUG: terms.len() = 1
Processing num factor i=1: ExprId(30)
DEBUG: Checking trig identity for nf=ExprId(30) df=ExprId(139) df_expr=Add(ExprId(138), ExprId(79))
DEBUG: Inside check_trig_identity f1=ExprId(30) f2=ExprId(139)
DEBUG: analyze_binomial called for ExprId(139)
DEBUG: terms.len() = 2
DEBUG: Calling check_pair 1 with t1=ExprId(138) t2=ExprId(79)
DEBUG: check_pair factors: [Number(Ratio { numer: -2, denom: 1 }), Pow(ExprId(48), ExprId(49))]
DEBUG: Checking factor ExprId(50) Pow base=Function("sin", [ExprId(16)]) exp=Number(Ratio { numer: 2, denom: 1 })
DEBUG: Base is function name=sin args.len=1
DEBUG: FOUND SIN^2
DEBUG: Checking pair: const=Number(Ratio { numer: 2, denom: 1 }) rem=Number(Ratio { numer: -2, denom: 1 }) neg_rem=Neg(ExprId(78))
DEBUG: Calling check_pair 2 with t2=ExprId(79) t1=ExprId(138)
DEBUG: check_pair factors: [Number(Ratio { numer: 2, denom: 1 })]
DEBUG: No trig part found in Number(Ratio { numer: 2, denom: 1 })
DEBUG: Inside check_trig_identity f1=ExprId(139) f2=ExprId(30)
DEBUG: analyze_binomial called for ExprId(30)
DEBUG: terms.len() = 1
DEBUG: Visiting Mul with factors: [ExprId(29), ExprId(158)]
DEBUG: Factor ExprId(29) is Number(Ratio { numer: 2, denom: 1 })
DEBUG: Factor ExprId(158) is Div(ExprId(43), ExprId(139))

thread 'test_torture_25_half_angle' (8176640) panicked at crates/cas_cli/tests/torture_tests.rs:532:5:
assertion `left == right` failed: Half-Angle Identity failed to simplify to 0
  left: "-(sin(1/2 * x) / cos(1/2 * x)) + 2 * cos(1/2 * x) * sin(1/2 * x) / (2 + -2 * sin(1/2 * x)^2)"
 right: "0"
note: run with `RUST_BACKTRACE=1` environment variable to display a backtrace
test test_torture_25_half_angle ... FAILED

failures:

failures:
    test_torture_25_half_angle

test result: FAILED. 0 passed; 1 failed; 0 ignored; 0 measured; 29 filtered out; finished in 0.00s

error: test failed, to rerun pass `-p cas_cli --test torture_tests`
